<?xml version="1.0" encoding="UTF-8"?>
<testsuite xmlns:xsi="http://www.w3.org/2001/XMLSchema-instance" xsi:noNamespaceSchemaLocation="https://maven.apache.org/surefire/maven-surefire-plugin/xsd/surefire-test-report-3.0.xsd" version="3.0" name="TestSuite" time="5.355" tests="31" errors="0" skipped="0" failures="0">
  <properties>
[...]
</properties>
  <testcase name="testValidUsdPaymentAccepted" classname="com.payments.tests.Pacs008HappyPathTest" time="1.008">
    <system-err><![CDATA[SLF4J: Failed to load class "org.slf4j.impl.StaticLoggerBinder".
SLF4J: Defaulting to no-operation (NOP) logger implementation
SLF4J: See http://www.slf4j.org/codes.html#StaticLoggerBinder for further details.
]]></system-err>
  </testcase>
  <testcase name="testValidUsdPaymentAccepted" classname="com.payments.tests.Pacs008HappyPathTest" time="0.035"/>
  <testcase name="testGbpRemittanceAccepted" classname="com.payments.tests.Pacs008HappyPathTest" time="0.04"/>
  <testcase name="testLargeAmountAccepted" classname="com.payments.tests.Pacs008HappyPathTest" time="0.039"/>
  <testcase name="testMinimumAmountAccepted" classname="com.payments.tests.Pacs008HappyPathTest" time="0.042"/>
  <testcase name="testResponseContainsSettlementDate" classname="com.payments.tests.Pacs008HappyPathTest" time="0.053"/>
  <testcase name="testResponseContainsValidUetr" classname="com.payments.tests.Pacs008HappyPathTest" time="0.044"/>
  <testcase name="testResponseTimeWithinSla" classname="com.payments.tests.Pacs008HappyPathTest" time="0.038"/>
  <testcase name="testStatusFieldIsValidEnum" classname="com.payments.tests.Pacs008HappyPathTest" time="0.022"/>
  <testcase name="testValidEurPaymentAccepted" classname="com.payments.tests.Pacs008HappyPathTest" time="0.028"/>
  <testcase name="testMissingMsgIdRejected" classname="com.payments.tests.Pacs008NegativeTest" time="0.066"/>
  <testcase name="testMissingMsgIdRejected" classname="com.payments.tests.Pacs008NegativeTest" time="0.046"/>
  <testcase name="testInvalidDebtorBicRejected" classname="com.payments.tests.Pacs008NegativeTest" time="0.055"/>
  <testcase name="testInvalidDebtorBicRejected" classname="com.payments.tests.Pacs008NegativeTest" time="0.054"/>
  <testcase name="testAmountMismatchRejected" classname="com.payments.tests.Pacs008NegativeTest" time="0.041"/>
  <testcase name="testEmptyBodyRejected" classname="com.payments.tests.Pacs008NegativeTest" time="0.02"/>
  <testcase name="testInvalidBicFormatsRejected[DEUT, 4 chars — too short](1)" classname="com.payments.tests.Pacs008NegativeTest" time="0.02"/>
  <testcase name="testInvalidBicFormatsRejected[DEUTDEDBB, 9 chars — invalid length](2)" classname="com.payments.tests.Pacs008NegativeTest" time="0.033"/>
  <testcase name="testInvalidBicFormatsRejected[DEUTDEDBBERR, 12 chars — too long](3)" classname="com.payments.tests.Pacs008NegativeTest" time="0.028"/>
  <testcase name="testInvalidBicFormatsRejected[12345678, All numeric — no bank letters](4)" classname="com.payments.tests.Pacs008NegativeTest" time="0.025"/>
  <testcase name="testInvalidBicFormatsRejected[DEUT DE DB, Contains spaces](5)" classname="com.payments.tests.Pacs008NegativeTest" time="0.024"/>
  <testcase name="testInvalidCurrencyRejected" classname="com.payments.tests.Pacs008NegativeTest" time="0.022"/>
  <testcase name="testInvalidDebtorIbanRejected" classname="com.payments.tests.Pacs008NegativeTest" time="0.021"/>
  <testcase name="testMalformedXmlRejected" classname="com.payments.tests.Pacs008NegativeTest" time="0.041">
    <system-err><![CDATA[[Fatal Error] :1:53: XML document structures must start and end within the same entity.
]]></system-err>
  </testcase>
  <testcase name="testMissingUetrRejected" classname="com.payments.tests.Pacs008NegativeTest" time="0.012"/>
  <testcase name="testNegativeAmountRejected" classname="com.payments.tests.Pacs008NegativeTest" time="0.022"/>
  <testcase name="testWrongContentTypeRejected" classname="com.payments.tests.Pacs008NegativeTest" time="0.011"/>
  <testcase name="testZeroAmountRejected" classname="com.payments.tests.Pacs008NegativeTest" time="0.023"/>
  <testcase name="testRepeatedSubmissionsAreStateless" classname="com.payments.tests.Pacs008SystemFailureTest" time="0.09"/>
  <testcase name="testServerErrorResponseIsStructured" classname="com.payments.tests.Pacs008SystemFailureTest" time="0.026"/>
  <testcase name="testServerErrorReturns500" classname="com.payments.tests.Pacs008SystemFailureTest" time="0.027"/>
</testsuite>