<?xml version="1.0" encoding="UTF-8"?>
<!-- Generated by org.testng.reporters.JUnitXMLReporter -->
<testsuite ignored="4" hostname="MSI" failures="0" tests="28" name="Regression" time="1.85" errors="0" timestamp="2026-07-07T09:05:14 IST">
  <testcase classname="com.payments.tests.Pacs008HappyPathTest" name="testGbpRemittanceAccepted" time="0.04"/>
  <testcase classname="com.payments.tests.Pacs008HappyPathTest" name="testLargeAmountAccepted" time="0.039"/>
  <testcase classname="com.payments.tests.Pacs008HappyPathTest" name="testMinimumAmountAccepted" time="0.042"/>
  <testcase classname="com.payments.tests.Pacs008HappyPathTest" name="testResponseContainsSettlementDate" time="0.053"/>
  <testcase classname="com.payments.tests.Pacs008HappyPathTest" name="testResponseContainsValidUetr" time="0.045"/>
  <testcase classname="com.payments.tests.Pacs008HappyPathTest" name="testResponseTimeWithinSla" time="0.038"/>
  <testcase classname="com.payments.tests.Pacs008HappyPathTest" name="testStatusFieldIsValidEnum" time="0.022"/>
  <testcase classname="com.payments.tests.Pacs008HappyPathTest" name="testValidEurPaymentAccepted" time="0.028"/>
  <testcase classname="com.payments.tests.Pacs008HappyPathTest" name="testValidUsdPaymentAccepted" time="0.035"/>
  <testcase classname="com.payments.tests.Pacs008NegativeTest" name="testAmountMismatchRejected" time="0.04"/>
  <testcase classname="com.payments.tests.Pacs008NegativeTest" name="testEmptyBodyRejected" time="0.021"/>
  <testcase classname="com.payments.tests.Pacs008NegativeTest" name="testInvalidBicFormatsRejected" time="0.021"/>
  <testcase classname="com.payments.tests.Pacs008NegativeTest" name="testInvalidBicFormatsRejected" time="0.033"/>
  <testcase classname="com.payments.tests.Pacs008NegativeTest" name="testInvalidBicFormatsRejected" time="0.028"/>
  <testcase classname="com.payments.tests.Pacs008NegativeTest" name="testInvalidBicFormatsRejected" time="0.025"/>
  <testcase classname="com.payments.tests.Pacs008NegativeTest" name="testInvalidBicFormatsRejected" time="0.024"/>
  <testcase classname="com.payments.tests.Pacs008NegativeTest" name="testInvalidCurrencyRejected" time="0.022"/>
  <testcase classname="com.payments.tests.Pacs008NegativeTest" name="testInvalidDebtorBicRejected" time="0.054"/>
  <testcase classname="com.payments.tests.Pacs008NegativeTest" name="testInvalidDebtorIbanRejected" time="0.021"/>
  <testcase classname="com.payments.tests.Pacs008NegativeTest" name="testMalformedXmlRejected" time="0.04"/>
  <testcase classname="com.payments.tests.Pacs008NegativeTest" name="testMissingMsgIdRejected" time="0.046"/>
  <testcase classname="com.payments.tests.Pacs008NegativeTest" name="testMissingUetrRejected" time="0.011"/>
  <testcase classname="com.payments.tests.Pacs008NegativeTest" name="testNegativeAmountRejected" time="0.021"/>
  <testcase classname="com.payments.tests.Pacs008NegativeTest" name="testWrongContentTypeRejected" time="0.011"/>
  <testcase classname="com.payments.tests.Pacs008NegativeTest" name="testZeroAmountRejected" time="0.023"/>
  <testcase classname="com.payments.tests.Pacs008SystemFailureTest" name="testRepeatedSubmissionsAreStateless" time="0.089"/>
  <testcase classname="com.payments.tests.Pacs008SystemFailureTest" name="testServerErrorResponseIsStructured" time="0.026"/>
  <testcase classname="com.payments.tests.Pacs008SystemFailureTest" name="testServerErrorReturns500" time="0.027"/>
  <testcase classname="com.payments.tests.BaseApiTest" name="@BeforeSuite startWireMock" time="0.0">
    <ignored/>
  </testcase> <!-- @BeforeSuite startWireMock -->
  <testcase classname="com.payments.tests.BaseApiTest" name="@BeforeSuite startWireMock" time="0.0">
    <ignored/>
  </testcase> <!-- @BeforeSuite startWireMock -->
  <testcase classname="com.payments.tests.BaseApiTest" name="@AfterSuite stopWireMock" time="0.0">
    <ignored/>
  </testcase> <!-- @AfterSuite stopWireMock -->
  <testcase classname="com.payments.tests.BaseApiTest" name="@AfterSuite stopWireMock" time="0.0">
    <ignored/>
  </testcase> <!-- @AfterSuite stopWireMock -->
</testsuite> <!-- Regression -->
