<?xml version="1.0" encoding="UTF-8"?>
<!-- Generated by org.testng.reporters.JUnitXMLReporter -->
<testsuite ignored="20" hostname="MSI" failures="0" tests="3" name="Smoke" time="1.975" errors="0" timestamp="2026-07-07T09:05:12 IST">
  <testcase classname="com.payments.tests.Pacs008HappyPathTest" name="testValidUsdPaymentAccepted" time="1.008"/>
  <testcase classname="com.payments.tests.Pacs008NegativeTest" name="testMissingMsgIdRejected" time="0.067"/>
  <testcase classname="com.payments.tests.Pacs008NegativeTest" name="testInvalidDebtorBicRejected" time="0.055"/>
  <testcase classname="com.payments.tests.Pacs008HappyPathTest" name="testResponseTimeWithinSla" time="0.0">
    <ignored/>
  </testcase> <!-- testResponseTimeWithinSla -->
  <testcase classname="com.payments.tests.Pacs008NegativeTest" name="testAmountMismatchRejected" time="0.0">
    <ignored/>
  </testcase> <!-- testAmountMismatchRejected -->
  <testcase classname="com.payments.tests.Pacs008NegativeTest" name="testInvalidBicFormatsRejected" time="0.0">
    <ignored/>
  </testcase> <!-- testInvalidBicFormatsRejected -->
  <testcase classname="com.payments.tests.Pacs008HappyPathTest" name="testValidEurPaymentAccepted" time="0.0">
    <ignored/>
  </testcase> <!-- testValidEurPaymentAccepted -->
  <testcase classname="com.payments.tests.Pacs008HappyPathTest" name="testLargeAmountAccepted" time="0.0">
    <ignored/>
  </testcase> <!-- testLargeAmountAccepted -->
  <testcase classname="com.payments.tests.Pacs008NegativeTest" name="testInvalidCurrencyRejected" time="0.0">
    <ignored/>
  </testcase> <!-- testInvalidCurrencyRejected -->
  <testcase classname="com.payments.tests.Pacs008HappyPathTest" name="testGbpRemittanceAccepted" time="0.0">
    <ignored/>
  </testcase> <!-- testGbpRemittanceAccepted -->
  <testcase classname="com.payments.tests.Pacs008NegativeTest" name="testMissingUetrRejected" time="0.0">
    <ignored/>
  </testcase> <!-- testMissingUetrRejected -->
  <testcase classname="com.payments.tests.Pacs008NegativeTest" name="testInvalidDebtorIbanRejected" time="0.0">
    <ignored/>
  </testcase> <!-- testInvalidDebtorIbanRejected -->
  <testcase classname="com.payments.tests.BaseApiTest" name="@AfterSuite stopWireMock" time="0.0">
    <ignored/>
  </testcase> <!-- @AfterSuite stopWireMock -->
  <testcase classname="com.payments.tests.Pacs008NegativeTest" name="testZeroAmountRejected" time="0.0">
    <ignored/>
  </testcase> <!-- testZeroAmountRejected -->
  <testcase classname="com.payments.tests.Pacs008HappyPathTest" name="testResponseContainsSettlementDate" time="0.0">
    <ignored/>
  </testcase> <!-- testResponseContainsSettlementDate -->
  <testcase classname="com.payments.tests.Pacs008HappyPathTest" name="testMinimumAmountAccepted" time="0.0">
    <ignored/>
  </testcase> <!-- testMinimumAmountAccepted -->
  <testcase classname="com.payments.tests.Pacs008HappyPathTest" name="testResponseContainsValidUetr" time="0.0">
    <ignored/>
  </testcase> <!-- testResponseContainsValidUetr -->
  <testcase classname="com.payments.tests.Pacs008NegativeTest" name="testEmptyBodyRejected" time="0.0">
    <ignored/>
  </testcase> <!-- testEmptyBodyRejected -->
  <testcase classname="com.payments.tests.Pacs008HappyPathTest" name="testStatusFieldIsValidEnum" time="0.0">
    <ignored/>
  </testcase> <!-- testStatusFieldIsValidEnum -->
  <testcase classname="com.payments.tests.Pacs008NegativeTest" name="testWrongContentTypeRejected" time="0.0">
    <ignored/>
  </testcase> <!-- testWrongContentTypeRejected -->
  <testcase classname="com.payments.tests.Pacs008NegativeTest" name="testMalformedXmlRejected" time="0.0">
    <ignored/>
  </testcase> <!-- testMalformedXmlRejected -->
  <testcase classname="com.payments.tests.Pacs008NegativeTest" name="testNegativeAmountRejected" time="0.0">
    <ignored/>
  </testcase> <!-- testNegativeAmountRejected -->
  <testcase classname="com.payments.tests.BaseApiTest" name="@BeforeSuite startWireMock" time="0.0">
    <ignored/>
  </testcase> <!-- @BeforeSuite startWireMock -->
</testsuite> <!-- Smoke -->
