<?xml version="1.0" encoding="UTF-8"?>
<!-- Generated by org.testng.reporters.JUnitReportReporter -->
<testsuite hostname="MSI" failures="0" tests="10" name="com.payments.tests.Pacs008HappyPathTest" time="2.382" errors="0" timestamp="2026-07-07T09:05:14 IST" skipped="0">
  <testcase classname="com.payments.tests.Pacs008HappyPathTest" name="testValidUsdPaymentAccepted" time="0.059"/>
  <testcase classname="com.payments.tests.Pacs008HappyPathTest" name="testStatusFieldIsValidEnum" time="0.069"/>
  <testcase classname="com.payments.tests.Pacs008HappyPathTest" name="testLargeAmountAccepted" time="0.074"/>
  <testcase classname="com.payments.tests.Pacs008HappyPathTest" name="testResponseContainsValidUetr" time="0.079"/>
  <testcase classname="com.payments.tests.Pacs008HappyPathTest" name="testValidUsdPaymentAccepted" time="1.722"/>
  <testcase classname="com.payments.tests.Pacs008HappyPathTest" name="testValidEurPaymentAccepted" time="0.066"/>
  <testcase classname="com.payments.tests.Pacs008HappyPathTest" name="testGbpRemittanceAccepted" time="0.061"/>
  <testcase classname="com.payments.tests.Pacs008HappyPathTest" name="testMinimumAmountAccepted" time="0.087"/>
  <testcase classname="com.payments.tests.Pacs008HappyPathTest" name="testResponseTimeWithinSla" time="0.077"/>
  <testcase classname="com.payments.tests.Pacs008HappyPathTest" name="testResponseContainsSettlementDate" time="0.088"/>
</testsuite> <!-- com.payments.tests.Pacs008HappyPathTest -->
