<?xml version="1.0" encoding="UTF-8"?>
<!-- Generated by org.testng.reporters.JUnitReportReporter -->
<testsuite hostname="MSI" failures="0" tests="3" name="com.payments.tests.Pacs008SystemFailureTest" time="0.241" errors="0" timestamp="2026-07-07T09:05:14 IST" skipped="0">
  <testcase classname="com.payments.tests.Pacs008SystemFailureTest" name="testRepeatedSubmissionsAreStateless" time="0.119"/>
  <testcase classname="com.payments.tests.Pacs008SystemFailureTest" name="testServerErrorReturns500" time="0.055"/>
  <testcase classname="com.payments.tests.Pacs008SystemFailureTest" name="testServerErrorResponseIsStructured" time="0.067"/>
</testsuite> <!-- com.payments.tests.Pacs008SystemFailureTest -->
