<?xml version="1.0" encoding="UTF-8"?>
<!-- Generated by org.testng.reporters.JUnitReportReporter -->
<testsuite hostname="MSI" failures="0" tests="18" name="com.payments.tests.Pacs008NegativeTest" time="1.147" errors="0" timestamp="2026-07-07T09:05:14 IST" skipped="0">
  <testcase classname="com.payments.tests.Pacs008NegativeTest" name="testInvalidDebtorBicRejected" time="0.112"/>
  <testcase classname="com.payments.tests.Pacs008NegativeTest" name="testInvalidBicFormatsRejected" time="0.060"/>
  <testcase classname="com.payments.tests.Pacs008NegativeTest" name="testMissingMsgIdRejected" time="0.110"/>
  <testcase classname="com.payments.tests.Pacs008NegativeTest" name="testNegativeAmountRejected" time="0.052"/>
  <testcase classname="com.payments.tests.Pacs008NegativeTest" name="testInvalidBicFormatsRejected" time="0.055"/>
  <testcase classname="com.payments.tests.Pacs008NegativeTest" name="testInvalidBicFormatsRejected" time="0.065"/>
  <testcase classname="com.payments.tests.Pacs008NegativeTest" name="testInvalidBicFormatsRejected" time="0.060"/>
  <testcase classname="com.payments.tests.Pacs008NegativeTest" name="testZeroAmountRejected" time="0.052"/>
  <testcase classname="com.payments.tests.Pacs008NegativeTest" name="testInvalidBicFormatsRejected" time="0.062"/>
  <testcase classname="com.payments.tests.Pacs008NegativeTest" name="testMalformedXmlRejected" time="0.074"/>
  <testcase classname="com.payments.tests.Pacs008NegativeTest" name="testEmptyBodyRejected" time="0.051"/>
  <testcase classname="com.payments.tests.Pacs008NegativeTest" name="testMissingMsgIdRejected" time="0.076"/>
  <testcase classname="com.payments.tests.Pacs008NegativeTest" name="testWrongContentTypeRejected" time="0.032"/>
  <testcase classname="com.payments.tests.Pacs008NegativeTest" name="testInvalidDebtorIbanRejected" time="0.052"/>
  <testcase classname="com.payments.tests.Pacs008NegativeTest" name="testInvalidCurrencyRejected" time="0.052"/>
  <testcase classname="com.payments.tests.Pacs008NegativeTest" name="testMissingUetrRejected" time="0.038"/>
  <testcase classname="com.payments.tests.Pacs008NegativeTest" name="testAmountMismatchRejected" time="0.064"/>
  <testcase classname="com.payments.tests.Pacs008NegativeTest" name="testInvalidDebtorBicRejected" time="0.080"/>
</testsuite> <!-- com.payments.tests.Pacs008NegativeTest -->
